build/app/intermediates/manifest_merge_blame_file/debug/manifest-merger-blame-debug-report.txt
1<?xml version="1.0" encoding="utf-8"?>
2<manifest xmlns:android="http://schemas.android.com/apk/res/android"
3    package="com.example.firebaseintro"
4    android:versionCode="1"
5    android:versionName="1.0.0" >
6
7    <uses-sdk
8        android:minSdkVersion="19"
9        android:targetSdkVersion="33" />
10    <!--
11         The INTERNET permission is required for development. Specifically,
12         the Flutter tool needs it to communicate with the running application
13         to allow setting breakpoints, to provide hot reload, etc.
14    -->
15    <uses-permission android:name="android.permission.INTERNET" />
15-->src\debug\AndroidManifest.xml:6:5-66
15-->src\debug\AndroidManifest.xml:6:22-64
16    <!--
17     Required to query activities that can process text, see:
18         https://developer.android.com/training/package-visibility?hl=en and
19         https://developer.android.com/reference/android/content/Intent#ACTION_PROCESS_TEXT.
20
21         In particular, this is used by the Flutter engine in io.flutter.plugin.text.ProcessTextPlugin.
22    -->
23    <queries>
23-->src\main\AndroidManifest.xml:38:5-43:15
24        <intent>
24-->src\main\AndroidManifest.xml:39:9-42:18
25            <action android:name="android.intent.action.PROCESS_TEXT" />
25-->src\main\AndroidManifest.xml:40:13-72
25-->src\main\AndroidManifest.xml:40:21-70
26
27            <data android:mimeType="text/plain" />
27-->src\main\AndroidManifest.xml:41:13-50
27-->src\main\AndroidManifest.xml:41:19-48
28        </intent>
29    </queries>
30
31    <uses-permission android:name="android.permission.ACCESS_NETWORK_STATE" />
31-->[com.google.firebase:firebase-auth:22.3.1] AndroidManifest.xml:26:5-79
31-->[com.google.firebase:firebase-auth:22.3.1] AndroidManifest.xml:26:22-76
32    <uses-permission android:name="com.google.android.providers.gsf.permission.READ_GSERVICES" />
32-->[com.google.android.recaptcha:recaptcha:18.4.0] AndroidManifest.xml:9:5-98
32-->[com.google.android.recaptcha:recaptcha:18.4.0] AndroidManifest.xml:9:22-95
33
34    <permission
34-->[androidx.core:core:1.10.1] AndroidManifest.xml:22:5-24:47
35        android:name="com.example.firebaseintro.DYNAMIC_RECEIVER_NOT_EXPORTED_PERMISSION"
35-->[androidx.core:core:1.10.1] AndroidManifest.xml:23:9-81
36        android:protectionLevel="signature" />
36-->[androidx.core:core:1.10.1] AndroidManifest.xml:24:9-44
37
38    <uses-permission android:name="com.example.firebaseintro.DYNAMIC_RECEIVER_NOT_EXPORTED_PERMISSION" />
38-->[androidx.core:core:1.10.1] AndroidManifest.xml:26:5-97
38-->[androidx.core:core:1.10.1] AndroidManifest.xml:26:22-94
39
40    <application
41        android:name="io.flutter.app.FlutterMultiDexApplication"
42        android:appComponentFactory="androidx.core.app.CoreComponentFactory"
42-->[androidx.core:core:1.10.1] AndroidManifest.xml:28:18-86
43        android:debuggable="true"
44        android:icon="@mipmap/ic_launcher"
45        android:label="firebaseintro" >
46        <activity
47            android:name="com.example.firebaseintro.MainActivity"
48            android:configChanges="orientation|keyboardHidden|keyboard|screenSize|smallestScreenSize|locale|layoutDirection|fontScale|screenLayout|density|uiMode"
49            android:exported="true"
50            android:hardwareAccelerated="true"
51            android:launchMode="singleTop"
52            android:theme="@style/LaunchTheme"
53            android:windowSoftInputMode="adjustResize" >
54
55            <!--
56                 Specifies an Android theme to apply to this Activity as soon as
57                 the Android process has started. This theme is visible to the user
58                 while the Flutter UI initializes. After that, this theme continues
59                 to determine the Window background behind the Flutter UI.
60            -->
61            <meta-data
62                android:name="io.flutter.embedding.android.NormalTheme"
63                android:resource="@style/NormalTheme" />
64
65            <intent-filter>
66                <action android:name="android.intent.action.MAIN" />
67
68                <category android:name="android.intent.category.LAUNCHER" />
69            </intent-filter>
70        </activity>
71        <!--
72             Don't delete the meta-data below.
73             This is used by the Flutter tool to generate GeneratedPluginRegistrant.java
74        -->
75        <meta-data
76            android:name="flutterEmbedding"
77            android:value="2" />
78
79        <service
79-->[:firebase_auth] AndroidManifest.xml:10:9-14:19
80            android:name="com.google.firebase.components.ComponentDiscoveryService"
80-->[:firebase_auth] AndroidManifest.xml:10:18-89
81            android:directBootAware="true"
81-->[com.google.firebase:firebase-common:20.4.3] AndroidManifest.xml:32:13-43
82            android:exported="false" >
82-->[com.google.firebase:firebase-auth:22.3.1] AndroidManifest.xml:68:13-37
83            <meta-data
83-->[:firebase_auth] AndroidManifest.xml:11:13-13:85
84                android:name="com.google.firebase.components:io.flutter.plugins.firebase.auth.FlutterFirebaseAuthRegistrar"
84-->[:firebase_auth] AndroidManifest.xml:12:17-124
85                android:value="com.google.firebase.components.ComponentRegistrar" />
85-->[:firebase_auth] AndroidManifest.xml:13:17-82
86            <meta-data
86-->[:cloud_firestore] AndroidManifest.xml:11:13-13:85
87                android:name="com.google.firebase.components:io.flutter.plugins.firebase.firestore.FlutterFirebaseFirestoreRegistrar"
87-->[:cloud_firestore] AndroidManifest.xml:12:17-134
88                android:value="com.google.firebase.components.ComponentRegistrar" />
88-->[:cloud_firestore] AndroidManifest.xml:13:17-82
89            <meta-data
89-->[:firebase_core] AndroidManifest.xml:11:13-13:85
90                android:name="com.google.firebase.components:io.flutter.plugins.firebase.core.FlutterFirebaseCoreRegistrar"
90-->[:firebase_core] AndroidManifest.xml:12:17-124
91                android:value="com.google.firebase.components.ComponentRegistrar" />
91-->[:firebase_core] AndroidManifest.xml:13:17-82
92            <meta-data
92-->[com.google.firebase:firebase-auth:22.3.1] AndroidManifest.xml:69:13-71:85
93                android:name="com.google.firebase.components:com.google.firebase.auth.FirebaseAuthRegistrar"
93-->[com.google.firebase:firebase-auth:22.3.1] AndroidManifest.xml:70:17-109
94                android:value="com.google.firebase.components.ComponentRegistrar" />
94-->[com.google.firebase:firebase-auth:22.3.1] AndroidManifest.xml:71:17-82
95            <meta-data
95-->[com.google.firebase:firebase-firestore:24.11.0] AndroidManifest.xml:17:13-19:85
96                android:name="com.google.firebase.components:com.google.firebase.firestore.FirebaseFirestoreKtxRegistrar"
96-->[com.google.firebase:firebase-firestore:24.11.0] AndroidManifest.xml:18:17-122
97                android:value="com.google.firebase.components.ComponentRegistrar" />
97-->[com.google.firebase:firebase-firestore:24.11.0] AndroidManifest.xml:19:17-82
98            <meta-data
98-->[com.google.firebase:firebase-firestore:24.11.0] AndroidManifest.xml:20:13-22:85
99                android:name="com.google.firebase.components:com.google.firebase.firestore.FirestoreRegistrar"
99-->[com.google.firebase:firebase-firestore:24.11.0] AndroidManifest.xml:21:17-111
100                android:value="com.google.firebase.components.ComponentRegistrar" />
100-->[com.google.firebase:firebase-firestore:24.11.0] AndroidManifest.xml:22:17-82
101            <meta-data
101-->[com.google.firebase:firebase-common-ktx:20.4.3] AndroidManifest.xml:12:13-14:85
102                android:name="com.google.firebase.components:com.google.firebase.ktx.FirebaseCommonLegacyRegistrar"
102-->[com.google.firebase:firebase-common-ktx:20.4.3] AndroidManifest.xml:13:17-116
103                android:value="com.google.firebase.components.ComponentRegistrar" />
103-->[com.google.firebase:firebase-common-ktx:20.4.3] AndroidManifest.xml:14:17-82
104            <meta-data
104-->[com.google.firebase:firebase-common:20.4.3] AndroidManifest.xml:35:13-37:85
105                android:name="com.google.firebase.components:com.google.firebase.FirebaseCommonKtxRegistrar"
105-->[com.google.firebase:firebase-common:20.4.3] AndroidManifest.xml:36:17-109
106                android:value="com.google.firebase.components.ComponentRegistrar" />
106-->[com.google.firebase:firebase-common:20.4.3] AndroidManifest.xml:37:17-82
107        </service>
108
109        <provider
109-->[:image_picker_android] AndroidManifest.xml:11:9-19:20
110            android:name="io.flutter.plugins.imagepicker.ImagePickerFileProvider"
110-->[:image_picker_android] AndroidManifest.xml:12:13-82
111            android:authorities="com.example.firebaseintro.flutter.image_provider"
111-->[:image_picker_android] AndroidManifest.xml:13:13-74
112            android:exported="false"
112-->[:image_picker_android] AndroidManifest.xml:14:13-37
113            android:grantUriPermissions="true" >
113-->[:image_picker_android] AndroidManifest.xml:15:13-47
114            <meta-data
114-->[:image_picker_android] AndroidManifest.xml:16:13-18:75
115                android:name="android.support.FILE_PROVIDER_PATHS"
115-->[:image_picker_android] AndroidManifest.xml:17:17-67
116                android:resource="@xml/flutter_image_picker_file_paths" />
116-->[:image_picker_android] AndroidManifest.xml:18:17-72
117        </provider> <!-- Trigger Google Play services to install the backported photo picker module. -->
118        <service
118-->[:image_picker_android] AndroidManifest.xml:21:9-33:19
119            android:name="com.google.android.gms.metadata.ModuleDependencies"
119-->[:image_picker_android] AndroidManifest.xml:22:13-78
120            android:enabled="false"
120-->[:image_picker_android] AndroidManifest.xml:23:13-36
121            android:exported="false" >
121-->[:image_picker_android] AndroidManifest.xml:24:13-37
122            <intent-filter>
122-->[:image_picker_android] AndroidManifest.xml:26:13-28:29
123                <action android:name="com.google.android.gms.metadata.MODULE_DEPENDENCIES" />
123-->[:image_picker_android] AndroidManifest.xml:27:17-94
123-->[:image_picker_android] AndroidManifest.xml:27:25-91
124            </intent-filter>
125
126            <meta-data
126-->[:image_picker_android] AndroidManifest.xml:30:13-32:36
127                android:name="photopicker_activity:0:required"
127-->[:image_picker_android] AndroidManifest.xml:31:17-63
128                android:value="" />
128-->[:image_picker_android] AndroidManifest.xml:32:17-33
129        </service>
130
131        <activity
131-->[com.google.firebase:firebase-auth:22.3.1] AndroidManifest.xml:29:9-46:20
132            android:name="com.google.firebase.auth.internal.GenericIdpActivity"
132-->[com.google.firebase:firebase-auth:22.3.1] AndroidManifest.xml:30:13-80
133            android:excludeFromRecents="true"
133-->[com.google.firebase:firebase-auth:22.3.1] AndroidManifest.xml:31:13-46
134            android:exported="true"
134-->[com.google.firebase:firebase-auth:22.3.1] AndroidManifest.xml:32:13-36
135            android:launchMode="singleTask"
135-->[com.google.firebase:firebase-auth:22.3.1] AndroidManifest.xml:33:13-44
136            android:theme="@android:style/Theme.Translucent.NoTitleBar" >
136-->[com.google.firebase:firebase-auth:22.3.1] AndroidManifest.xml:34:13-72
137            <intent-filter>
137-->[com.google.firebase:firebase-auth:22.3.1] AndroidManifest.xml:35:13-45:29
138                <action android:name="android.intent.action.VIEW" />
138-->[com.google.firebase:firebase-auth:22.3.1] AndroidManifest.xml:36:17-69
138-->[com.google.firebase:firebase-auth:22.3.1] AndroidManifest.xml:36:25-66
139
140                <category android:name="android.intent.category.DEFAULT" />
140-->[com.google.firebase:firebase-auth:22.3.1] AndroidManifest.xml:38:17-76
140-->[com.google.firebase:firebase-auth:22.3.1] AndroidManifest.xml:38:27-73
141                <category android:name="android.intent.category.BROWSABLE" />
141-->[com.google.firebase:firebase-auth:22.3.1] AndroidManifest.xml:39:17-78
141-->[com.google.firebase:firebase-auth:22.3.1] AndroidManifest.xml:39:27-75
142
143                <data
143-->src\main\AndroidManifest.xml:41:13-50
144                    android:host="firebase.auth"
145                    android:path="/"
146                    android:scheme="genericidp" />
147            </intent-filter>
148        </activity>
149        <activity
149-->[com.google.firebase:firebase-auth:22.3.1] AndroidManifest.xml:47:9-64:20
150            android:name="com.google.firebase.auth.internal.RecaptchaActivity"
150-->[com.google.firebase:firebase-auth:22.3.1] AndroidManifest.xml:48:13-79
151            android:excludeFromRecents="true"
151-->[com.google.firebase:firebase-auth:22.3.1] AndroidManifest.xml:49:13-46
152            android:exported="true"
152-->[com.google.firebase:firebase-auth:22.3.1] AndroidManifest.xml:50:13-36
153            android:launchMode="singleTask"
153-->[com.google.firebase:firebase-auth:22.3.1] AndroidManifest.xml:51:13-44
154            android:theme="@android:style/Theme.Translucent.NoTitleBar" >
154-->[com.google.firebase:firebase-auth:22.3.1] AndroidManifest.xml:52:13-72
155            <intent-filter>
155-->[com.google.firebase:firebase-auth:22.3.1] AndroidManifest.xml:53:13-63:29
156                <action android:name="android.intent.action.VIEW" />
156-->[com.google.firebase:firebase-auth:22.3.1] AndroidManifest.xml:36:17-69
156-->[com.google.firebase:firebase-auth:22.3.1] AndroidManifest.xml:36:25-66
157
158                <category android:name="android.intent.category.DEFAULT" />
158-->[com.google.firebase:firebase-auth:22.3.1] AndroidManifest.xml:38:17-76
158-->[com.google.firebase:firebase-auth:22.3.1] AndroidManifest.xml:38:27-73
159                <category android:name="android.intent.category.BROWSABLE" />
159-->[com.google.firebase:firebase-auth:22.3.1] AndroidManifest.xml:39:17-78
159-->[com.google.firebase:firebase-auth:22.3.1] AndroidManifest.xml:39:27-75
160
161                <data
161-->src\main\AndroidManifest.xml:41:13-50
162                    android:host="firebase.auth"
163                    android:path="/"
164                    android:scheme="recaptcha" />
165            </intent-filter>
166        </activity>
167        <activity
167-->[com.google.android.gms:play-services-base:18.0.1] AndroidManifest.xml:20:9-22:45
168            android:name="com.google.android.gms.common.api.GoogleApiActivity"
168-->[com.google.android.gms:play-services-base:18.0.1] AndroidManifest.xml:20:19-85
169            android:exported="false"
169-->[com.google.android.gms:play-services-base:18.0.1] AndroidManifest.xml:22:19-43
170            android:theme="@android:style/Theme.Translucent.NoTitleBar" />
170-->[com.google.android.gms:play-services-base:18.0.1] AndroidManifest.xml:21:19-78
171
172        <provider
172-->[com.google.firebase:firebase-common:20.4.3] AndroidManifest.xml:23:9-28:39
173            android:name="com.google.firebase.provider.FirebaseInitProvider"
173-->[com.google.firebase:firebase-common:20.4.3] AndroidManifest.xml:24:13-77
174            android:authorities="com.example.firebaseintro.firebaseinitprovider"
174-->[com.google.firebase:firebase-common:20.4.3] AndroidManifest.xml:25:13-72
175            android:directBootAware="true"
175-->[com.google.firebase:firebase-common:20.4.3] AndroidManifest.xml:26:13-43
176            android:exported="false"
176-->[com.google.firebase:firebase-common:20.4.3] AndroidManifest.xml:27:13-37
177            android:initOrder="100" />
177-->[com.google.firebase:firebase-common:20.4.3] AndroidManifest.xml:28:13-36
178
179        <meta-data
179-->[com.google.android.gms:play-services-basement:18.3.0] AndroidManifest.xml:21:9-23:69
180            android:name="com.google.android.gms.version"
180-->[com.google.android.gms:play-services-basement:18.3.0] AndroidManifest.xml:22:13-58
181            android:value="@integer/google_play_services_version" />
181-->[com.google.android.gms:play-services-basement:18.3.0] AndroidManifest.xml:23:13-66
182
183        <uses-library
183-->[androidx.window:window:1.0.0-beta04] AndroidManifest.xml:25:9-27:40
184            android:name="androidx.window.extensions"
184-->[androidx.window:window:1.0.0-beta04] AndroidManifest.xml:26:13-54
185            android:required="false" />
185-->[androidx.window:window:1.0.0-beta04] AndroidManifest.xml:27:13-37
186        <uses-library
186-->[androidx.window:window:1.0.0-beta04] AndroidManifest.xml:28:9-30:40
187            android:name="androidx.window.sidecar"
187-->[androidx.window:window:1.0.0-beta04] AndroidManifest.xml:29:13-51
188            android:required="false" />
188-->[androidx.window:window:1.0.0-beta04] AndroidManifest.xml:30:13-37
189
190        <provider
190-->[androidx.profileinstaller:profileinstaller:1.3.0] AndroidManifest.xml:24:9-32:20
191            android:name="androidx.startup.InitializationProvider"
191-->[androidx.profileinstaller:profileinstaller:1.3.0] AndroidManifest.xml:25:13-67
192            android:authorities="com.example.firebaseintro.androidx-startup"
192-->[androidx.profileinstaller:profileinstaller:1.3.0] AndroidManifest.xml:26:13-68
193            android:exported="false" >
193-->[androidx.profileinstaller:profileinstaller:1.3.0] AndroidManifest.xml:27:13-37
194            <meta-data
194-->[androidx.profileinstaller:profileinstaller:1.3.0] AndroidManifest.xml:29:13-31:52
195                android:name="androidx.profileinstaller.ProfileInstallerInitializer"
195-->[androidx.profileinstaller:profileinstaller:1.3.0] AndroidManifest.xml:30:17-85
196                android:value="androidx.startup" />
196-->[androidx.profileinstaller:profileinstaller:1.3.0] AndroidManifest.xml:31:17-49
197        </provider>
198
199        <receiver
199-->[androidx.profileinstaller:profileinstaller:1.3.0] AndroidManifest.xml:34:9-52:20
200            android:name="androidx.profileinstaller.ProfileInstallReceiver"
200-->[androidx.profileinstaller:profileinstaller:1.3.0] AndroidManifest.xml:35:13-76
201            android:directBootAware="false"
201-->[androidx.profileinstaller:profileinstaller:1.3.0] AndroidManifest.xml:36:13-44
202            android:enabled="true"
202-->[androidx.profileinstaller:profileinstaller:1.3.0] AndroidManifest.xml:37:13-35
203            android:exported="true"
203-->[androidx.profileinstaller:profileinstaller:1.3.0] AndroidManifest.xml:38:13-36
204            android:permission="android.permission.DUMP" >
204-->[androidx.profileinstaller:profileinstaller:1.3.0] AndroidManifest.xml:39:13-57
205            <intent-filter>
205-->[androidx.profileinstaller:profileinstaller:1.3.0] AndroidManifest.xml:40:13-42:29
206                <action android:name="androidx.profileinstaller.action.INSTALL_PROFILE" />
206-->[androidx.profileinstaller:profileinstaller:1.3.0] AndroidManifest.xml:41:17-91
206-->[androidx.profileinstaller:profileinstaller:1.3.0] AndroidManifest.xml:41:25-88
207            </intent-filter>
208            <intent-filter>
208-->[androidx.profileinstaller:profileinstaller:1.3.0] AndroidManifest.xml:43:13-45:29
209                <action android:name="androidx.profileinstaller.action.SKIP_FILE" />
209-->[androidx.profileinstaller:profileinstaller:1.3.0] AndroidManifest.xml:44:17-85
209-->[androidx.profileinstaller:profileinstaller:1.3.0] AndroidManifest.xml:44:25-82
210            </intent-filter>
211            <intent-filter>
211-->[androidx.profileinstaller:profileinstaller:1.3.0] AndroidManifest.xml:46:13-48:29
212                <action android:name="androidx.profileinstaller.action.SAVE_PROFILE" />
212-->[androidx.profileinstaller:profileinstaller:1.3.0] AndroidManifest.xml:47:17-88
212-->[androidx.profileinstaller:profileinstaller:1.3.0] AndroidManifest.xml:47:25-85
213            </intent-filter>
214            <intent-filter>
214-->[androidx.profileinstaller:profileinstaller:1.3.0] AndroidManifest.xml:49:13-51:29
215                <action android:name="androidx.profileinstaller.action.BENCHMARK_OPERATION" />
215-->[androidx.profileinstaller:profileinstaller:1.3.0] AndroidManifest.xml:50:17-95
215-->[androidx.profileinstaller:profileinstaller:1.3.0] AndroidManifest.xml:50:25-92
216            </intent-filter>
217        </receiver>
218    </application>
219
220</manifest>